{"D:\\10 may nreact\\NamasteR\\src\\components\\Body.js": {"path":"D:\\10 may nreact\\NamasteR\\src\\components\\Body.js","statementMap":{"0":{"start":{"line":11,"column":13},"end":{"line":86,"column":1}},"1":{"start":{"line":12,"column":38},"end":{"line":12,"column":50}},"2":{"start":{"line":13,"column":46},"end":{"line":13,"column":58}},"3":{"start":{"line":14,"column":39},"end":{"line":14,"column":51}},"4":{"start":{"line":15,"column":25},"end":{"line":15,"column":48}},"5":{"start":{"line":17,"column":2},"end":{"line":19,"column":9}},"6":{"start":{"line":18,"column":4},"end":{"line":18,"column":21}},"7":{"start":{"line":21,"column":16},"end":{"line":21,"column":44}},"8":{"start":{"line":22,"column":17},"end":{"line":22,"column":33}},"9":{"start":{"line":24,"column":4},"end":{"line":27,"column":6}},"10":{"start":{"line":29,"column":4},"end":{"line":32,"column":6}},"11":{"start":{"line":35,"column":2},"end":{"line":85,"column":4}},"12":{"start":{"line":46,"column":12},"end":{"line":46,"column":42}},"13":{"start":{"line":53,"column":25},"end":{"line":53,"column":63}},"14":{"start":{"line":54,"column":12},"end":{"line":54,"column":32}},"15":{"start":{"line":61,"column":19},"end":{"line":61,"column":61}},"16":{"start":{"line":65,"column":19},"end":{"line":65,"column":62}},"17":{"start":{"line":73,"column":12},"end":{"line":80,"column":14}}},"fnMap":{"0":{"name":"(anonymous_0)","decl":{"start":{"line":11,"column":13},"end":{"line":11,"column":14}},"loc":{"start":{"line":11,"column":19},"end":{"line":86,"column":1}},"line":11},"1":{"name":"(anonymous_1)","decl":{"start":{"line":17,"column":12},"end":{"line":17,"column":13}},"loc":{"start":{"line":17,"column":18},"end":{"line":19,"column":3}},"line":17},"2":{"name":"getRestaurants","decl":{"start":{"line":20,"column":17},"end":{"line":20,"column":31}},"loc":{"start":{"line":20,"column":34},"end":{"line":33,"column":3}},"line":20},"3":{"name":"(anonymous_3)","decl":{"start":{"line":45,"column":20},"end":{"line":45,"column":21}},"loc":{"start":{"line":45,"column":27},"end":{"line":47,"column":11}},"line":45},"4":{"name":"(anonymous_4)","decl":{"start":{"line":52,"column":19},"end":{"line":52,"column":20}},"loc":{"start":{"line":52,"column":25},"end":{"line":55,"column":11}},"line":52},"5":{"name":"(anonymous_5)","decl":{"start":{"line":61,"column":12},"end":{"line":61,"column":13}},"loc":{"start":{"line":61,"column":19},"end":{"line":61,"column":61}},"line":61},"6":{"name":"(anonymous_6)","decl":{"start":{"line":65,"column":12},"end":{"line":65,"column":13}},"loc":{"start":{"line":65,"column":19},"end":{"line":65,"column":62}},"line":65},"7":{"name":"(anonymous_7)","decl":{"start":{"line":72,"column":26},"end":{"line":72,"column":27}},"loc":{"start":{"line":72,"column":42},"end":{"line":81,"column":11}},"line":72}},"branchMap":{"0":{"loc":{"start":{"line":35,"column":9},"end":{"line":85,"column":3}},"type":"cond-expr","locations":[{"start":{"line":36,"column":4},"end":{"line":36,"column":15}},{"start":{"line":38,"column":4},"end":{"line":84,"column":7}}],"line":35},"1":{"loc":{"start":{"line":69,"column":9},"end":{"line":82,"column":9}},"type":"cond-expr","locations":[{"start":{"line":70,"column":10},"end":{"line":70,"column":58}},{"start":{"line":72,"column":10},"end":{"line":81,"column":12}}],"line":69}},"s":{"0":2,"1":6,"2":5,"3":5,"4":5,"5":5,"6":3,"7":3,"8":3,"9":3,"10":3,"11":5,"12":0,"13":0,"14":0,"15":0,"16":0,"17":32},"f":{"0":6,"1":3,"2":3,"3":0,"4":0,"5":0,"6":0,"7":32},"b":{"0":[3,2],"1":[0,2]},"_coverageSchema":"1a1c01bbd47fc00a2c39e90264f33305004495a9","hash":"98f41f5dfe6b2e8933befb021b7d09699079f151"}
,"D:\\10 may nreact\\NamasteR\\src\\components\\Header.js": {"path":"D:\\10 may nreact\\NamasteR\\src\\components\\Header.js","statementMap":{"0":{"start":{"line":8,"column":21},"end":{"line":10,"column":1}},"1":{"start":{"line":9,"column":2},"end":{"line":9,"column":15}},"2":{"start":{"line":12,"column":21},"end":{"line":16,"column":1}},"3":{"start":{"line":13,"column":2},"end":{"line":15,"column":6}},"4":{"start":{"line":18,"column":15},"end":{"line":64,"column":1}},"5":{"start":{"line":19,"column":38},"end":{"line":19,"column":53}},"6":{"start":{"line":20,"column":19},"end":{"line":20,"column":30}},"7":{"start":{"line":22,"column":17},"end":{"line":22,"column":40}},"8":{"start":{"line":23,"column":21},"end":{"line":23,"column":59}},"9":{"start":{"line":23,"column":42},"end":{"line":23,"column":58}},"10":{"start":{"line":25,"column":2},"end":{"line":63,"column":4}},"11":{"start":{"line":53,"column":147},"end":{"line":53,"column":167}},"12":{"start":{"line":57,"column":33},"end":{"line":57,"column":52}}},"fnMap":{"0":{"name":"(anonymous_0)","decl":{"start":{"line":8,"column":21},"end":{"line":8,"column":22}},"loc":{"start":{"line":8,"column":27},"end":{"line":10,"column":1}},"line":8},"1":{"name":"(anonymous_1)","decl":{"start":{"line":12,"column":21},"end":{"line":12,"column":22}},"loc":{"start":{"line":13,"column":2},"end":{"line":15,"column":6}},"line":13},"2":{"name":"(anonymous_2)","decl":{"start":{"line":18,"column":15},"end":{"line":18,"column":16}},"loc":{"start":{"line":18,"column":21},"end":{"line":64,"column":1}},"line":18},"3":{"name":"(anonymous_3)","decl":{"start":{"line":23,"column":33},"end":{"line":23,"column":34}},"loc":{"start":{"line":23,"column":42},"end":{"line":23,"column":58}},"line":23},"4":{"name":"(anonymous_4)","decl":{"start":{"line":53,"column":141},"end":{"line":53,"column":142}},"loc":{"start":{"line":53,"column":147},"end":{"line":53,"column":167}},"line":53},"5":{"name":"(anonymous_5)","decl":{"start":{"line":57,"column":27},"end":{"line":57,"column":28}},"loc":{"start":{"line":57,"column":33},"end":{"line":57,"column":52}},"line":57}},"branchMap":{"0":{"loc":{"start":{"line":49,"column":40},"end":{"line":49,"column":78}},"type":"cond-expr","locations":[{"start":{"line":49,"column":52},"end":{"line":49,"column":63}},{"start":{"line":49,"column":66},"end":{"line":49,"column":78}}],"line":49},"1":{"loc":{"start":{"line":52,"column":9},"end":{"line":58,"column":9}},"type":"cond-expr","locations":[{"start":{"line":53,"column":10},"end":{"line":55,"column":19}},{"start":{"line":57,"column":10},"end":{"line":57,"column":205}}],"line":52}},"s":{"0":2,"1":0,"2":2,"3":4,"4":2,"5":4,"6":4,"7":4,"8":4,"9":4,"10":4,"11":0,"12":0},"f":{"0":0,"1":4,"2":4,"3":4,"4":0,"5":0},"b":{"0":[4,0],"1":[0,4]},"_coverageSchema":"1a1c01bbd47fc00a2c39e90264f33305004495a9","hash":"5e33688fd7211f808d5e8249f5f77793e2ad8f4a"}
,"D:\\10 may nreact\\NamasteR\\src\\components\\Shimmer.js": {"path":"D:\\10 may nreact\\NamasteR\\src\\components\\Shimmer.js","statementMap":{"0":{"start":{"line":1,"column":16},"end":{"line":16,"column":1}},"1":{"start":{"line":2,"column":2},"end":{"line":15,"column":4}},"2":{"start":{"line":5,"column":8},"end":{"line":12,"column":18}}},"fnMap":{"0":{"name":"(anonymous_0)","decl":{"start":{"line":1,"column":16},"end":{"line":1,"column":17}},"loc":{"start":{"line":1,"column":22},"end":{"line":16,"column":1}},"line":1},"1":{"name":"(anonymous_1)","decl":{"start":{"line":4,"column":28},"end":{"line":4,"column":29}},"loc":{"start":{"line":5,"column":8},"end":{"line":12,"column":18}},"line":5}},"branchMap":{},"s":{"0":2,"1":4,"2":40},"f":{"0":4,"1":40},"b":{},"_coverageSchema":"1a1c01bbd47fc00a2c39e90264f33305004495a9","hash":"8c424a56694913dcf21300496bfc3af3b90b6a7f"}
,"D:\\10 may nreact\\NamasteR\\src\\mocks\\data.js": {"path":"D:\\10 may nreact\\NamasteR\\src\\mocks\\data.js","statementMap":{"0":{"start":{"line":1,"column":25},"end":{"line":4401,"column":5}},"1":{"start":{"line":4403,"column":31},"end":{"line":8812,"column":5}}},"fnMap":{},"branchMap":{},"s":{"0":2,"1":2},"f":{},"b":{},"_coverageSchema":"1a1c01bbd47fc00a2c39e90264f33305004495a9","hash":"55cec14b41d8cdd61aab6309f6240b836b1e2066"}
,"D:\\10 may nreact\\NamasteR\\src\\utils\\store.js": {"path":"D:\\10 may nreact\\NamasteR\\src\\utils\\store.js","statementMap":{"0":{"start":{"line":4,"column":14},"end":{"line":8,"column":2}}},"fnMap":{},"branchMap":{},"s":{"0":3},"f":{},"b":{},"_coverageSchema":"1a1c01bbd47fc00a2c39e90264f33305004495a9","hash":"aef51e2735b42c22178f84ebf909d9b160794619"}
}
