TN:
SF:src\components\Body.js
FN:11,(anonymous_0)
FN:17,(anonymous_1)
FN:20,getRestaurants
FN:45,(anonymous_3)
FN:52,(anonymous_4)
FN:61,(anonymous_5)
FN:65,(anonymous_6)
FN:72,(anonymous_7)
FNF:8
FNH:4
FNDA:6,(anonymous_0)
FNDA:3,(anonymous_1)
FNDA:3,getRestaurants
FNDA:0,(anonymous_3)
FNDA:0,(anonymous_4)
FNDA:0,(anonymous_5)
FNDA:0,(anonymous_6)
FNDA:32,(anonymous_7)
DA:11,2
DA:12,6
DA:13,5
DA:14,5
DA:15,5
DA:17,5
DA:18,3
DA:21,3
DA:22,3
DA:24,3
DA:29,3
DA:35,5
DA:46,0
DA:53,0
DA:54,0
DA:61,0
DA:65,0
DA:73,32
LF:18
LH:13
BRDA:35,0,0,3
BRDA:35,0,1,2
BRDA:69,1,0,0
BRDA:69,1,1,2
BRF:4
BRH:3
end_of_record
TN:
SF:src\components\Header.js
FN:8,(anonymous_0)
FN:12,(anonymous_1)
FN:18,(anonymous_2)
FN:23,(anonymous_3)
FN:53,(anonymous_4)
FN:57,(anonymous_5)
FNF:6
FNH:3
FNDA:0,(anonymous_0)
FNDA:4,(anonymous_1)
FNDA:4,(anonymous_2)
FNDA:4,(anonymous_3)
FNDA:0,(anonymous_4)
FNDA:0,(anonymous_5)
DA:8,2
DA:9,0
DA:12,2
DA:13,4
DA:18,2
DA:19,4
DA:20,4
DA:22,4
DA:23,4
DA:25,4
DA:53,0
DA:57,0
LF:12
LH:9
BRDA:49,0,0,4
BRDA:49,0,1,0
BRDA:52,1,0,0
BRDA:52,1,1,4
BRF:4
BRH:2
end_of_record
TN:
SF:src\components\Shimmer.js
FN:1,(anonymous_0)
FN:4,(anonymous_1)
FNF:2
FNH:2
FNDA:4,(anonymous_0)
FNDA:40,(anonymous_1)
DA:1,2
DA:2,4
DA:5,40
LF:3
LH:3
BRF:0
BRH:0
end_of_record
TN:
SF:src\mocks\data.js
FNF:0
FNH:0
DA:1,2
DA:4403,2
LF:2
LH:2
BRF:0
BRH:0
end_of_record
TN:
SF:src\utils\store.js
FNF:0
FNH:0
DA:4,3
LF:1
LH:1
BRF:0
BRH:0
end_of_record
